Structure  1000
    3   207
    4   206
    5   205
    6   204
    7   203
    8   202
   10   198
   11   197
   12   196
   13   195
   15   190
   16   189
   17   188
   18   187
   19   186
   22    58
   23    57
   24    56
   25    55
   26    54
   27    53
   28    52
   30    50
   31    49
   32    48
   33    47
   36    44
   61   184
   62   183
   63   182
   64   181
   65   180
   68   175
   69   174
   71   172
   72   171
   73   170
   74   168
   75   167
   76   166
   77   165
   78   164
   79   163
   80   162
   83   161
   84   160
   85   159
   86   158
   87   157
   91   154
   92   153
   93   152
   97   116
   98   115
   99   114
  100   113
  101   112
  102   111
  103   110
  118   148
  119   147
  120   146
  121   145
  122   144
  125   140
  126   139
  127   138
  128   137
  129   136
  208   260
  209   259
  210   258
  211   257
  212   256
  213   255
  214   254
  218   250
  219   249
  220   248
  221   247
  222   246
  226   244
  227   243
  228   242
  229   241
  230   239
  231   238
  232   237
  264   645
  265   644
  267   642
  268   641
  270   639
  271   638
  272   637
  273   636
  274   635
  275   634
  276   633
  278   631
  279   630
  280   629
  281   628
  282   627
  283   626
  284   621
  285   620
  286   619
  289   616
  292   613
  293   612
  294   611
  296   610
  297   609
  298   608
  305   586
  306   585
  307   584
  308   583
  309   582
  310   580
  311   579
  312   578
  313   577
  314   576
  317   574
  318   573
  319   572
  320   571
  321   570
  322   569
  323   568
  324   567
  328   407
  329   406
  330   405
  337   399
  338   398
  339   397
  340   396
  341   395
  342   394
  343   393
  344   392
  345   391
  346   390
  347   388
  348   387
  349   386
  350   385
  351   384
  354   358
  363   381
  364   380
  366   378
  367   377
  368   376
  370   375
  410   563
  411   562
  412   561
  413   560
  414   558
  415   557
  416   556
  422   554
  423   553
  424   552
  425   551
  426   550
  427   549
  428   548
  429   547
  430   543
  431   542
  432   541
  433   540
  434   539
  435   464
  436   463
  437   462
  438   461
  439   460
  440   459
  441   458
  442   457
  443   456
  444   452
  445   451
  446   450
  465   532
  466   531
  467   530
  468   529
  469   528
  476   525
  477   524
  479   522
  480   521
  481   520
  482   519
  483   518
  485   517
  486   516
  487   514
  488   512
  489   511
  490   510
  492   508
  493   507
  494   506
  495   504
  496   503
  587   603
  588   602
  591   599

